{"@timestamp":"2026-03-11T13:53:25.57559795Z","@version":"1","message":"Starting WebfluxApplication v0.0.1-SNAPSHOT using Java 17.0.18 with PID 1 (/app/app.jar started by root in /app)","logger_name":"com.example.webflux.WebfluxApplication","thread_name":"main","level":"INFO","level_value":20000}
{"@timestamp":"2026-03-11T13:53:25.593593464Z","@version":"1","message":"No active profile set, falling back to 1 default profile: \"default\"","logger_name":"com.example.webflux.WebfluxApplication","thread_name":"main","level":"INFO","level_value":20000}
{"@timestamp":"2026-03-11T13:53:27.333557984Z","@version":"1","message":"Exposing 3 endpoints beneath base path '/actuator'","logger_name":"org.springframework.boot.actuate.endpoint.web.EndpointLinksResolver","thread_name":"main","level":"INFO","level_value":20000}
{"@timestamp":"2026-03-11T13:53:27.963975787Z","@version":"1","message":"Netty started on port 8081 (http)","logger_name":"org.springframework.boot.web.embedded.netty.NettyWebServer","thread_name":"main","level":"INFO","level_value":20000}
{"@timestamp":"2026-03-11T13:53:27.993814709Z","@version":"1","message":"Started WebfluxApplication in 2.948 seconds (process running for 3.971)","logger_name":"com.example.webflux.WebfluxApplication","thread_name":"main","level":"INFO","level_value":20000}
{"@timestamp":"2026-03-11T13:56:48.085964668Z","@version":"1","message":"Commencing graceful shutdown. Waiting for active requests to complete","logger_name":"org.springframework.boot.web.embedded.netty.GracefulShutdown","thread_name":"SpringApplicationShutdownHook","level":"INFO","level_value":20000}
{"@timestamp":"2026-03-11T13:56:48.090038361Z","@version":"1","message":"Graceful shutdown complete","logger_name":"org.springframework.boot.web.embedded.netty.GracefulShutdown","thread_name":"netty-shutdown","level":"INFO","level_value":20000}
{"@timestamp":"2026-03-11T13:57:31.196945596Z","@version":"1","message":"Starting WebfluxApplication v0.0.1-SNAPSHOT using Java 17.0.18 with PID 1 (/app/app.jar started by root in /app)","logger_name":"com.example.webflux.WebfluxApplication","thread_name":"main","level":"INFO","level_value":20000}
{"@timestamp":"2026-03-11T13:57:31.222246006Z","@version":"1","message":"No active profile set, falling back to 1 default profile: \"default\"","logger_name":"com.example.webflux.WebfluxApplication","thread_name":"main","level":"INFO","level_value":20000}
{"@timestamp":"2026-03-11T13:57:38.342101993Z","@version":"1","message":"Exposing 3 endpoints beneath base path '/actuator'","logger_name":"org.springframework.boot.actuate.endpoint.web.EndpointLinksResolver","thread_name":"main","level":"INFO","level_value":20000}
{"@timestamp":"2026-03-11T13:57:40.579266747Z","@version":"1","message":"Netty started on port 8081 (http)","logger_name":"org.springframework.boot.web.embedded.netty.NettyWebServer","thread_name":"main","level":"INFO","level_value":20000}
{"@timestamp":"2026-03-11T13:57:40.671256146Z","@version":"1","message":"Started WebfluxApplication in 10.183 seconds (process running for 12.666)","logger_name":"com.example.webflux.WebfluxApplication","thread_name":"main","level":"INFO","level_value":20000}
{"@timestamp":"2026-03-11T14:40:30.253832637Z","@version":"1","message":"Commencing graceful shutdown. Waiting for active requests to complete","logger_name":"org.springframework.boot.web.embedded.netty.GracefulShutdown","thread_name":"SpringApplicationShutdownHook","level":"INFO","level_value":20000}
{"@timestamp":"2026-03-11T14:40:30.294576877Z","@version":"1","message":"Graceful shutdown complete","logger_name":"org.springframework.boot.web.embedded.netty.GracefulShutdown","thread_name":"netty-shutdown","level":"INFO","level_value":20000}
{"@timestamp":"2026-03-11T14:40:38.297020064Z","@version":"1","message":"Starting WebfluxApplication v0.0.1-SNAPSHOT using Java 17.0.18 with PID 1 (/app/app.jar started by root in /app)","logger_name":"com.example.webflux.WebfluxApplication","thread_name":"main","level":"INFO","level_value":20000}
{"@timestamp":"2026-03-11T14:40:38.322219873Z","@version":"1","message":"No active profile set, falling back to 1 default profile: \"default\"","logger_name":"com.example.webflux.WebfluxApplication","thread_name":"main","level":"INFO","level_value":20000}
{"@timestamp":"2026-03-11T14:40:45.298165736Z","@version":"1","message":"Exposing 3 endpoints beneath base path '/actuator'","logger_name":"org.springframework.boot.actuate.endpoint.web.EndpointLinksResolver","thread_name":"main","level":"INFO","level_value":20000}
{"@timestamp":"2026-03-11T14:40:47.956731345Z","@version":"1","message":"Netty started on port 8081 (http)","logger_name":"org.springframework.boot.web.embedded.netty.NettyWebServer","thread_name":"main","level":"INFO","level_value":20000}
{"@timestamp":"2026-03-11T14:40:48.052240178Z","@version":"1","message":"Started WebfluxApplication in 10.537 seconds (process running for 13.38)","logger_name":"com.example.webflux.WebfluxApplication","thread_name":"main","level":"INFO","level_value":20000}
{"@timestamp":"2026-03-11T15:36:30.232208838Z","@version":"1","message":"Commencing graceful shutdown. Waiting for active requests to complete","logger_name":"org.springframework.boot.web.embedded.netty.GracefulShutdown","thread_name":"SpringApplicationShutdownHook","level":"INFO","level_value":20000}
{"@timestamp":"2026-03-11T15:36:30.258757329Z","@version":"1","message":"Graceful shutdown complete","logger_name":"org.springframework.boot.web.embedded.netty.GracefulShutdown","thread_name":"netty-shutdown","level":"INFO","level_value":20000}
{"@timestamp":"2026-03-11T15:36:38.847397012Z","@version":"1","message":"Starting WebfluxApplication v0.0.1-SNAPSHOT using Java 17.0.18 with PID 1 (/app/app.jar started by root in /app)","logger_name":"com.example.webflux.WebfluxApplication","thread_name":"main","level":"INFO","level_value":20000}
{"@timestamp":"2026-03-11T15:36:38.877290788Z","@version":"1","message":"No active profile set, falling back to 1 default profile: \"default\"","logger_name":"com.example.webflux.WebfluxApplication","thread_name":"main","level":"INFO","level_value":20000}
{"@timestamp":"2026-03-11T15:36:46.015032857Z","@version":"1","message":"Exposing 3 endpoints beneath base path '/actuator'","logger_name":"org.springframework.boot.actuate.endpoint.web.EndpointLinksResolver","thread_name":"main","level":"INFO","level_value":20000}
{"@timestamp":"2026-03-11T15:36:48.674357989Z","@version":"1","message":"Netty started on port 8081 (http)","logger_name":"org.springframework.boot.web.embedded.netty.NettyWebServer","thread_name":"main","level":"INFO","level_value":20000}
{"@timestamp":"2026-03-11T15:36:48.76879975Z","@version":"1","message":"Started WebfluxApplication in 10.791 seconds (process running for 13.836)","logger_name":"com.example.webflux.WebfluxApplication","thread_name":"main","level":"INFO","level_value":20000}
{"@timestamp":"2026-03-11T15:52:44.606231695Z","@version":"1","message":"Commencing graceful shutdown. Waiting for active requests to complete","logger_name":"org.springframework.boot.web.embedded.netty.GracefulShutdown","thread_name":"SpringApplicationShutdownHook","level":"INFO","level_value":20000}
{"@timestamp":"2026-03-11T15:52:44.613092691Z","@version":"1","message":"Graceful shutdown complete","logger_name":"org.springframework.boot.web.embedded.netty.GracefulShutdown","thread_name":"netty-shutdown","level":"INFO","level_value":20000}
